<?xml version="1.0" encoding="UTF-8" ?>
<testsuite errors="0" failures="0" hostname="raffy-System-Product-Name" name="com.vg.scfc.financing.cis.entmgr.CustomerManagerTest" tests="5" time="2.111" timestamp="2013-08-06T02:57:49">
  <properties>
[...]
</properties>
  <testcase classname="com.vg.scfc.financing.cis.entmgr.CustomerManagerTest" name="testInsert_3args_1" time="0.231" />
  <testcase classname="com.vg.scfc.financing.cis.entmgr.CustomerManagerTest" name="testFindById" time="0.007" />
  <testcase classname="com.vg.scfc.financing.cis.entmgr.CustomerManagerTest" name="testFindByTransactionMode" time="0.007" />
  <testcase classname="com.vg.scfc.financing.cis.entmgr.CustomerManagerTest" name="testFilterBy" time="0.005" />
  <testcase classname="com.vg.scfc.financing.cis.entmgr.CustomerManagerTest" name="testIsExist" time="0.005" />
  <system-out><![CDATA[insert
Left : 
Right : 0000003
findById
LOGRONIO, RAFFY FERRER
****************************************************
findByTransactionMode
LOGRONIO, RAFFY FERRER
VIAJERO MOTORSALES
****************************************************
filterBy
LOGRONIO, RAFFY FERRER
****************************************************
isExist
****************************************************
]]></system-out>
  <system-err><![CDATA[]]></system-err>
</testsuite>
